<?xml version="1.0" encoding="UTF-8"?>
<testng-results ignored="0" total="1" passed="1" failed="0" skipped="0">
  <reporter-output>
  </reporter-output>
  <suite started-at="2022-07-04T18:04:51 CDT" name="Default suite" finished-at="2022-07-04T18:04:54 CDT" duration-ms="2043">
    <groups>
    </groups>
    <test started-at="2022-07-04T18:04:51 CDT" name="Default test" finished-at="2022-07-04T18:04:54 CDT" duration-ms="2043">
      <class name="bookerapi.Bookerget">
        <test-method signature="getReq()[pri:0, instance:bookerapi.Bookerget@41fecb8b]" started-at="2022-07-04T18:04:52 CDT" name="getReq" finished-at="2022-07-04T18:04:54 CDT" duration-ms="2002" status="PASS">
          <reporter-output>
          </reporter-output>
        </test-method> <!-- getReq -->
      </class> <!-- bookerapi.Bookerget -->
    </test> <!-- Default test -->
  </suite> <!-- Default suite -->
</testng-results>
